d:\documents\github\undertalk\sfml_build\src\sfml\window\sfml-window.dir\debug\context.obj
d:\documents\github\undertalk\sfml_build\lib\debug\sfml-window-s.pdb
d:\documents\github\undertalk\sfml_build\src\sfml\window\sfml-window.dir\debug\glresource.obj
d:\documents\github\undertalk\sfml_build\src\sfml\window\sfml-window.dir\debug\cursor.obj
d:\documents\github\undertalk\sfml_build\src\sfml\window\sfml-window.dir\debug\keyboard.obj
d:\documents\github\undertalk\sfml_build\src\sfml\window\sfml-window.dir\debug\touch.obj
d:\documents\github\undertalk\sfml_build\src\sfml\window\sfml-window.dir\debug\sensor.obj
d:\documents\github\undertalk\sfml_build\src\sfml\window\sfml-window.dir\debug\videomode.obj
d:\documents\github\undertalk\sfml_build\src\sfml\window\sfml-window.dir\debug\sensormanager.obj
d:\documents\github\undertalk\sfml_build\src\sfml\window\sfml-window.dir\debug\glcontext.obj
d:\documents\github\undertalk\sfml_build\src\sfml\window\sfml-window.dir\debug\joystick.obj
d:\documents\github\undertalk\sfml_build\src\sfml\window\sfml-window.dir\debug\joystickmanager.obj
d:\documents\github\undertalk\sfml_build\src\sfml\window\sfml-window.dir\debug\mouse.obj
d:\documents\github\undertalk\sfml_build\src\sfml\window\sfml-window.dir\debug\sensorimpl.obj
d:\documents\github\undertalk\sfml_build\src\sfml\window\sfml-window.dir\debug\cursorimpl.obj
d:\documents\github\undertalk\sfml_build\src\sfml\window\sfml-window.dir\debug\wglextensions.obj
d:\documents\github\undertalk\sfml_build\src\sfml\window\sfml-window.dir\debug\window.obj
d:\documents\github\undertalk\sfml_build\src\sfml\window\sfml-window.dir\debug\windowimpl.obj
d:\documents\github\undertalk\sfml_build\src\sfml\window\sfml-window.dir\debug\inputimpl.obj
d:\documents\github\undertalk\sfml_build\src\sfml\window\sfml-window.dir\debug\wglcontext.obj
d:\documents\github\undertalk\sfml_build\src\sfml\window\sfml-window.dir\debug\joystickimpl.obj
d:\documents\github\undertalk\sfml_build\src\sfml\window\sfml-window.dir\debug\videomodeimpl.obj
d:\documents\github\undertalk\sfml_build\src\sfml\window\sfml-window.dir\debug\windowimplwin32.obj
d:\documents\github\undertalk\sfml_build\src\sfml\window\cmakefiles\generate.stamp
d:\documents\github\undertalk\sfml_build\lib\debug\sfml-window-s-d.lib
d:\documents\github\undertalk\sfml_build\src\sfml\window\sfml-window.dir\debug\sfml-window.tlog\cl.command.1.tlog
d:\documents\github\undertalk\sfml_build\src\sfml\window\sfml-window.dir\debug\sfml-window.tlog\cl.read.1.tlog
d:\documents\github\undertalk\sfml_build\src\sfml\window\sfml-window.dir\debug\sfml-window.tlog\cl.write.1.tlog
d:\documents\github\undertalk\sfml_build\src\sfml\window\sfml-window.dir\debug\sfml-window.tlog\custombuild.command.1.tlog
d:\documents\github\undertalk\sfml_build\src\sfml\window\sfml-window.dir\debug\sfml-window.tlog\custombuild.read.1.tlog
d:\documents\github\undertalk\sfml_build\src\sfml\window\sfml-window.dir\debug\sfml-window.tlog\custombuild.write.1.tlog
d:\documents\github\undertalk\sfml_build\src\sfml\window\sfml-window.dir\debug\sfml-window.tlog\lib-link.read.1.tlog
d:\documents\github\undertalk\sfml_build\src\sfml\window\sfml-window.dir\debug\sfml-window.tlog\lib-link.write.1.tlog
d:\documents\github\undertalk\sfml_build\src\sfml\window\sfml-window.dir\debug\sfml-window.tlog\lib.command.1.tlog
