  Building Custom Rule C:/Users/Paul/Documents/GitHub/crispy-doom/doomlib/SFML/src/SFML/Audio/CMakeLists.txt
  CMake does not need to re-run because C:/Users/Paul/Documents/GitHub/crispy-doom/doomlib/SFML_Build/src/SFML/Audio/CMakeFiles/generate.stamp is up-to-date.
  ALCheck.cpp
  AlResource.cpp
  AudioDevice.cpp
  Listener.cpp
  Music.cpp
  Sound.cpp
  SoundBuffer.cpp
  SoundBufferRecorder.cpp
  InputSoundFile.cpp
  OutputSoundFile.cpp
  SoundRecorder.cpp
  SoundSource.cpp
  SoundStream.cpp
  SoundFileFactory.cpp
  SoundFileReaderFlac.cpp
C:\Users\Paul\Documents\GitHub\crispy-doom\doomlib\SFML\src\SFML\Audio\SoundFileReaderFlac.cpp(293): warning C4244: 'argument': conversion from 'sf::Uint64' to 'int', possible loss of data
C:\Users\Paul\Documents\GitHub\crispy-doom\doomlib\SFML\src\SFML\Audio\SoundFileReaderFlac.cpp(294): warning C4244: 'argument': conversion from 'sf::Uint64' to 'int', possible loss of data
  SoundFileReaderOgg.cpp
  SoundFileReaderWav.cpp
C:\Users\Paul\Documents\GitHub\crispy-doom\doomlib\SFML\src\SFML\Audio\SoundFileReaderWav.cpp(149): warning C4018: '<': signed/unsigned mismatch
  SoundFileWriterFlac.cpp
  SoundFileWriterOgg.cpp
  SoundFileWriterWav.cpp
  Generating Code...
  sfml-audio.vcxproj -> C:\Users\Paul\Documents\GitHub\crispy-doom\doomlib\SFML_Build\lib\Release\sfml-audio-s.lib
