  l52-1.cpp
  main.cpp
l52-1.obj : error LNK2001: unresolved external symbol "__declspec(dllimport) public: __thiscall sf::Color::Color(void)" (__imp_??0Color@sf@@QAE@XZ)
l52-1.obj : error LNK2001: unresolved external symbol "__declspec(dllimport) public: unsigned char const * __thiscall sf::Image::getPixelsPtr(void)const " (__imp_?getPixelsPtr@Image@sf@@QBEPBEXZ)
l52-1.obj : error LNK2001: unresolved external symbol "__declspec(dllimport) public: void __thiscall sf::Image::setPixel(unsigned int,unsigned int,class sf::Color const &)" (__imp_?setPixel@Image@sf@@QAEXIIABVColor@2@@Z)
l52-1.obj : error LNK2001: unresolved external symbol "__declspec(dllimport) public: class sf::Vector2<unsigned int> __thiscall sf::Image::getSize(void)const " (__imp_?getSize@Image@sf@@QBE?AV?$Vector2@I@2@XZ)
main.obj : error LNK2001: unresolved external symbol "__declspec(dllimport) public: static class sf::RenderStates const sf::RenderStates::Default" (__imp_?Default@RenderStates@sf@@2V12@B)
main.obj : error LNK2001: unresolved external symbol "__declspec(dllimport) public: class sf::Time __thiscall sf::Clock::restart(void)" (__imp_?restart@Clock@sf@@QAE?AVTime@2@XZ)
main.obj : error LNK2001: unresolved external symbol "__declspec(dllimport) public: class sf::Time __thiscall sf::Clock::getElapsedTime(void)const " (__imp_?getElapsedTime@Clock@sf@@QBE?AVTime@2@XZ)
main.obj : error LNK2001: unresolved external symbol "__declspec(dllimport) public: __thiscall sf::Clock::Clock(void)" (__imp_??0Clock@sf@@QAE@XZ)
main.obj : error LNK2001: unresolved external symbol "__declspec(dllimport) public: int __thiscall sf::Time::asMilliseconds(void)const " (__imp_?asMilliseconds@Time@sf@@QBEHXZ)
main.obj : error LNK2001: unresolved external symbol "__declspec(dllimport) public: bool __thiscall sf::Texture::loadFromImage(class sf::Image const &,class sf::Rect<int> const &)" (__imp_?loadFromImage@Texture@sf@@QAE_NABVImage@2@ABV?$Rect@H@2@@Z)
main.obj : error LNK2001: unresolved external symbol "__declspec(dllimport) public: bool __thiscall sf::Texture::create(unsigned int,unsigned int)" (__imp_?create@Texture@sf@@QAE_NII@Z)
main.obj : error LNK2001: unresolved external symbol "__declspec(dllimport) public: __thiscall sf::Texture::~Texture(void)" (__imp_??1Texture@sf@@QAE@XZ)
main.obj : error LNK2001: unresolved external symbol "__declspec(dllimport) public: __thiscall sf::Texture::Texture(void)" (__imp_??0Texture@sf@@QAE@XZ)
main.obj : error LNK2001: unresolved external symbol "__declspec(dllimport) public: virtual __thiscall sf::RenderWindow::~RenderWindow(void)" (__imp_??1RenderWindow@sf@@UAE@XZ)
main.obj : error LNK2001: unresolved external symbol "__declspec(dllimport) public: __thiscall sf::RenderWindow::RenderWindow(class sf::VideoMode,class sf::String const &,unsigned int,struct sf::ContextSettings const &)" (__imp_??0RenderWindow@sf@@QAE@VVideoMode@1@ABVString@1@IABUContextSettings@1@@Z)
main.obj : error LNK2001: unresolved external symbol "__declspec(dllimport) public: __thiscall sf::Color::Color(unsigned char,unsigned char,unsigned char,unsigned char)" (__imp_??0Color@sf@@QAE@EEEE@Z)
main.obj : error LNK2001: unresolved external symbol "__declspec(dllimport) public: void __thiscall sf::Image::create(unsigned int,unsigned int,class sf::Color const &)" (__imp_?create@Image@sf@@QAEXIIABVColor@2@@Z)
main.obj : error LNK2001: unresolved external symbol "__declspec(dllimport) public: __thiscall sf::Image::~Image(void)" (__imp_??1Image@sf@@QAE@XZ)
main.obj : error LNK2001: unresolved external symbol "__declspec(dllimport) public: __thiscall sf::Image::Image(void)" (__imp_??0Image@sf@@QAE@XZ)
main.obj : error LNK2001: unresolved external symbol "__declspec(dllimport) public: void __thiscall sf::Window::display(void)" (__imp_?display@Window@sf@@QAEXXZ)
main.obj : error LNK2001: unresolved external symbol "__declspec(dllimport) public: void __thiscall sf::Window::setVerticalSyncEnabled(bool)" (__imp_?setVerticalSyncEnabled@Window@sf@@QAEX_N@Z)
main.obj : error LNK2001: unresolved external symbol "__declspec(dllimport) public: bool __thiscall sf::Window::pollEvent(class sf::Event &)" (__imp_?pollEvent@Window@sf@@QAE_NAAVEvent@2@@Z)
main.obj : error LNK2001: unresolved external symbol "__declspec(dllimport) public: bool __thiscall sf::Window::isOpen(void)const " (__imp_?isOpen@Window@sf@@QBE_NXZ)
main.obj : error LNK2001: unresolved external symbol "__declspec(dllimport) public: void __thiscall sf::Window::close(void)" (__imp_?close@Window@sf@@QAEXXZ)
main.obj : error LNK2001: unresolved external symbol "__declspec(dllimport) public: void __thiscall sf::RenderTarget::draw(class sf::Drawable const &,class sf::RenderStates const &)" (__imp_?draw@RenderTarget@sf@@QAEXABVDrawable@2@ABVRenderStates@2@@Z)
main.obj : error LNK2001: unresolved external symbol "__declspec(dllimport) public: void __thiscall sf::RenderTarget::clear(class sf::Color const &)" (__imp_?clear@RenderTarget@sf@@QAEXABVColor@2@@Z)
main.obj : error LNK2001: unresolved external symbol "__declspec(dllimport) public: __thiscall sf::String::String(char const *,class std::locale const &)" (__imp_??0String@sf@@QAE@PBDABVlocale@std@@@Z)
main.obj : error LNK2001: unresolved external symbol "__declspec(dllimport) public: __thiscall sf::VideoMode::VideoMode(unsigned int,unsigned int,unsigned int)" (__imp_??0VideoMode@sf@@QAE@III@Z)
main.obj : error LNK2001: unresolved external symbol "__declspec(dllimport) public: void __thiscall sf::Sprite::setTexture(class sf::Texture const &,bool)" (__imp_?setTexture@Sprite@sf@@QAEXABVTexture@2@_N@Z)
main.obj : error LNK2001: unresolved external symbol "__declspec(dllimport) public: __thiscall sf::Sprite::Sprite(void)" (__imp_??0Sprite@sf@@QAE@XZ)
main.obj : error LNK2001: unresolved external symbol "__declspec(dllimport) public: virtual __thiscall sf::Sprite::~Sprite(void)" (__imp_??1Sprite@sf@@UAE@XZ)
main.obj : error LNK2001: unresolved external symbol "__declspec(dllimport) public: __thiscall sf::String::~String(void)" (__imp_??1String@sf@@QAE@XZ)
C:\Users\Paul\Documents\GitHub\crispy-doom\doomlib\Release\doomlib.exe : fatal error LNK1120: 32 unresolved externals
