  Building Custom Rule C:/Users/Paul/Documents/GitHub/crispy-doom/doomlib/SFML/src/SFML/Window/CMakeLists.txt
  CMake does not need to re-run because C:/Users/Paul/Documents/GitHub/crispy-doom/doomlib/SFML_Build/src/SFML/Window/CMakeFiles/generate.stamp is up-to-date.
  Context.cpp
  Cursor.cpp
  GlContext.cpp
  GlResource.cpp
  Joystick.cpp
  JoystickManager.cpp
  Keyboard.cpp
  Mouse.cpp
  Touch.cpp
  Sensor.cpp
  SensorManager.cpp
  VideoMode.cpp
  Window.cpp
  WindowImpl.cpp
  CursorImpl.cpp
  WglContext.cpp
  WglExtensions.cpp
  InputImpl.cpp
  JoystickImpl.cpp
  SensorImpl.cpp
  Generating Code...
  Compiling...
  VideoModeImpl.cpp
  WindowImplWin32.cpp
  Generating Code...
  sfml-window.vcxproj -> C:\Users\Paul\Documents\GitHub\crispy-doom\doomlib\SFML_Build\lib\Release\sfml-window-s.lib
