  Building Custom Rule C:/Users/Paul/Documents/GitHub/crispy-doom/doomlib/SFML/src/SFML/System/CMakeLists.txt
  CMake does not need to re-run because C:/Users/Paul/Documents/GitHub/crispy-doom/doomlib/SFML_Build/src/SFML/System/CMakeFiles/generate.stamp is up-to-date.
  Clock.cpp
  Err.cpp
  Lock.cpp
  Mutex.cpp
  Sleep.cpp
  String.cpp
  Thread.cpp
  ThreadLocal.cpp
  Time.cpp
  FileInputStream.cpp
  MemoryInputStream.cpp
  ClockImpl.cpp
C:\Users\Paul\Documents\GitHub\crispy-doom\doomlib\SFML\src\SFML\System\Win32\ClockImpl.cpp(48): warning C4996: 'GetVersion': was declared deprecated
  C:\Program Files (x86)\Windows Kits\10\Include\10.0.14393.0\um\sysinfoapi.h(183): note: see declaration of 'GetVersion'
  MutexImpl.cpp
  SleepImpl.cpp
  ThreadImpl.cpp
  ThreadLocalImpl.cpp
  Generating Code...
  sfml-system.vcxproj -> C:\Users\Paul\Documents\GitHub\crispy-doom\doomlib\SFML_Build\lib\Release\sfml-system-s.lib
