d:\documents\github\crispy-doom\doomlib\winquake\debug\vc141.pdb
d:\documents\github\crispy-doom\doomlib\winquake\debug\vc141.idb
d:\documents\github\crispy-doom\doomlib\winquake\debug\r_light.obj
d:\documents\github\crispy-doom\doomlib\winquake\debug\r_main.obj
d:\documents\github\crispy-doom\doomlib\winquake\debug\r_misc.obj
d:\documents\github\crispy-doom\doomlib\winquake\debug\r_part.obj
d:\documents\github\crispy-doom\doomlib\winquake\debug\r_sky.obj
d:\documents\github\crispy-doom\doomlib\winquake\debug\r_sprite.obj
d:\documents\github\crispy-doom\doomlib\winquake\debug\r_surf.obj
d:\documents\github\crispy-doom\doomlib\winquake\debug\r_vars.obj
d:\documents\github\crispy-doom\doomlib\winquake\debug\sbar.obj
d:\documents\github\crispy-doom\doomlib\winquake\debug\screen.obj
d:\documents\github\crispy-doom\doomlib\winquake\debug\snd_next.obj
d:\documents\github\crispy-doom\doomlib\winquake\debug\snd_null.obj
d:\documents\github\crispy-doom\doomlib\winquake\debug\sv_main.obj
d:\documents\github\crispy-doom\doomlib\winquake\debug\sv_move.obj
d:\documents\github\crispy-doom\doomlib\winquake\debug\sv_phys.obj
d:\documents\github\crispy-doom\doomlib\winquake\debug\sv_user.obj
d:\documents\github\crispy-doom\doomlib\winquake\debug\view.obj
d:\documents\github\crispy-doom\doomlib\winquake\debug\wad.obj
d:\documents\github\crispy-doom\doomlib\winquake\debug\world.obj
d:\documents\github\crispy-doom\doomlib\winquake\debug\zone.obj
d:\documents\github\crispy-doom\doomlib\winquake\debug\host_cmd.obj
d:\documents\github\crispy-doom\doomlib\winquake\debug\in_null.obj
d:\documents\github\crispy-doom\doomlib\winquake\debug\keys.obj
d:\documents\github\crispy-doom\doomlib\winquake\debug\mathlib.obj
d:\documents\github\crispy-doom\doomlib\winquake\debug\menu.obj
d:\documents\github\crispy-doom\doomlib\winquake\debug\model.obj
d:\documents\github\crispy-doom\doomlib\winquake\debug\net_loop.obj
d:\documents\github\crispy-doom\doomlib\winquake\debug\net_main.obj
d:\documents\github\crispy-doom\doomlib\winquake\debug\net_none.obj
d:\documents\github\crispy-doom\doomlib\winquake\debug\net_vcr.obj
d:\documents\github\crispy-doom\doomlib\winquake\debug\nonintel.obj
d:\documents\github\crispy-doom\doomlib\winquake\debug\pr_cmds.obj
d:\documents\github\crispy-doom\doomlib\winquake\debug\pr_edict.obj
d:\documents\github\crispy-doom\doomlib\winquake\debug\pr_exec.obj
d:\documents\github\crispy-doom\doomlib\winquake\debug\r_aclip.obj
d:\documents\github\crispy-doom\doomlib\winquake\debug\r_alias.obj
d:\documents\github\crispy-doom\doomlib\winquake\debug\r_bsp.obj
d:\documents\github\crispy-doom\doomlib\winquake\debug\r_draw.obj
d:\documents\github\crispy-doom\doomlib\winquake\debug\r_edge.obj
d:\documents\github\crispy-doom\doomlib\winquake\debug\r_efrag.obj
d:\documents\github\crispy-doom\doomlib\winquake\debug\cmd.obj
d:\documents\github\crispy-doom\doomlib\winquake\debug\common.obj
d:\documents\github\crispy-doom\doomlib\winquake\debug\conproc.obj
d:\documents\github\crispy-doom\doomlib\winquake\debug\console.obj
d:\documents\github\crispy-doom\doomlib\winquake\debug\crc.obj
d:\documents\github\crispy-doom\doomlib\winquake\debug\cvar.obj
d:\documents\github\crispy-doom\doomlib\winquake\debug\draw.obj
d:\documents\github\crispy-doom\doomlib\winquake\debug\d_edge.obj
d:\documents\github\crispy-doom\doomlib\winquake\debug\d_fill.obj
d:\documents\github\crispy-doom\doomlib\winquake\debug\d_init.obj
d:\documents\github\crispy-doom\doomlib\winquake\debug\d_modech.obj
d:\documents\github\crispy-doom\doomlib\winquake\debug\d_part.obj
d:\documents\github\crispy-doom\doomlib\winquake\debug\d_polyse.obj
d:\documents\github\crispy-doom\doomlib\winquake\debug\d_scan.obj
d:\documents\github\crispy-doom\doomlib\winquake\debug\d_sky.obj
d:\documents\github\crispy-doom\doomlib\winquake\debug\d_sprite.obj
d:\documents\github\crispy-doom\doomlib\winquake\debug\d_surf.obj
d:\documents\github\crispy-doom\doomlib\winquake\debug\d_vars.obj
d:\documents\github\crispy-doom\doomlib\winquake\debug\d_zpoint.obj
d:\documents\github\crispy-doom\doomlib\winquake\debug\host.obj
d:\documents\github\crispy-doom\doomlib\winquake\debug\cd_null.obj
d:\documents\github\crispy-doom\doomlib\winquake\debug\chase.obj
d:\documents\github\crispy-doom\doomlib\winquake\debug\cl_demo.obj
d:\documents\github\crispy-doom\doomlib\winquake\debug\cl_input.obj
d:\documents\github\crispy-doom\doomlib\winquake\debug\cl_main.obj
d:\documents\github\crispy-doom\doomlib\winquake\debug\cl_parse.obj
d:\documents\github\crispy-doom\doomlib\winquake\debug\cl_tent.obj
d:\documents\github\crispy-doom\doomlib\winquake\debug\sys_win.obj
d:\documents\github\crispy-doom\doomlib\winquake\debug\vid_null.obj
d:\documents\github\crispy-doom\doomlib\debug\winquake.ilk
d:\documents\github\crispy-doom\doomlib\debug\winquake.exe
d:\documents\github\crispy-doom\doomlib\debug\winquake.pdb
d:\documents\github\crispy-doom\doomlib\winquake\debug\winquake.tlog\cl.command.1.tlog
d:\documents\github\crispy-doom\doomlib\winquake\debug\winquake.tlog\cl.read.1.tlog
d:\documents\github\crispy-doom\doomlib\winquake\debug\winquake.tlog\cl.write.1.tlog
d:\documents\github\crispy-doom\doomlib\winquake\debug\winquake.tlog\link.command.1.tlog
d:\documents\github\crispy-doom\doomlib\winquake\debug\winquake.tlog\link.read.1.tlog
d:\documents\github\crispy-doom\doomlib\winquake\debug\winquake.tlog\link.write.1.tlog
