d:\documents\github\undertalk\sfml_build\src\sfml\network\sfml-network.dir\debug\ftp.obj
d:\documents\github\undertalk\sfml_build\lib\debug\sfml-network-s.pdb
d:\documents\github\undertalk\sfml_build\src\sfml\network\sfml-network.dir\debug\http.obj
d:\documents\github\undertalk\sfml_build\src\sfml\network\sfml-network.dir\debug\socket.obj
d:\documents\github\undertalk\sfml_build\src\sfml\network\sfml-network.dir\debug\socketselector.obj
d:\documents\github\undertalk\sfml_build\src\sfml\network\sfml-network.dir\debug\ipaddress.obj
d:\documents\github\undertalk\sfml_build\src\sfml\network\sfml-network.dir\debug\packet.obj
d:\documents\github\undertalk\sfml_build\src\sfml\network\sfml-network.dir\debug\tcplistener.obj
d:\documents\github\undertalk\sfml_build\src\sfml\network\sfml-network.dir\debug\socketimpl.obj
d:\documents\github\undertalk\sfml_build\src\sfml\network\sfml-network.dir\debug\tcpsocket.obj
d:\documents\github\undertalk\sfml_build\src\sfml\network\sfml-network.dir\debug\udpsocket.obj
d:\documents\github\undertalk\sfml_build\src\sfml\network\cmakefiles\generate.stamp
d:\documents\github\undertalk\sfml_build\lib\debug\sfml-network-s-d.lib
d:\documents\github\undertalk\sfml_build\src\sfml\network\sfml-network.dir\debug\sfml-network.tlog\cl.command.1.tlog
d:\documents\github\undertalk\sfml_build\src\sfml\network\sfml-network.dir\debug\sfml-network.tlog\cl.read.1.tlog
d:\documents\github\undertalk\sfml_build\src\sfml\network\sfml-network.dir\debug\sfml-network.tlog\cl.write.1.tlog
d:\documents\github\undertalk\sfml_build\src\sfml\network\sfml-network.dir\debug\sfml-network.tlog\custombuild.command.1.tlog
d:\documents\github\undertalk\sfml_build\src\sfml\network\sfml-network.dir\debug\sfml-network.tlog\custombuild.read.1.tlog
d:\documents\github\undertalk\sfml_build\src\sfml\network\sfml-network.dir\debug\sfml-network.tlog\custombuild.write.1.tlog
d:\documents\github\undertalk\sfml_build\src\sfml\network\sfml-network.dir\debug\sfml-network.tlog\lib-link.read.1.tlog
d:\documents\github\undertalk\sfml_build\src\sfml\network\sfml-network.dir\debug\sfml-network.tlog\lib-link.write.1.tlog
d:\documents\github\undertalk\sfml_build\src\sfml\network\sfml-network.dir\debug\sfml-network.tlog\lib.command.1.tlog
